Determining if the pthread_create exist failed with the following output:
Change Dir: /home/peixoto/Documentos/OpenGL3_Tutorial/cmake-build-debug/CMakeFiles/CMakeTmp

Run Build Command:"/usr/bin/gmake" "cmTC_13a91/fast"
/usr/bin/gmake -f CMakeFiles/cmTC_13a91.dir/build.make CMakeFiles/cmTC_13a91.dir/build
gmake[1]: Entering directory '/home/peixoto/Documentos/OpenGL3_Tutorial/cmake-build-debug/CMakeFiles/CMakeTmp'
Building C object CMakeFiles/cmTC_13a91.dir/CheckSymbolExists.c.o
/usr/bin/cc    -o CMakeFiles/cmTC_13a91.dir/CheckSymbolExists.c.o   -c /home/peixoto/Documentos/OpenGL3_Tutorial/cmake-build-debug/CMakeFiles/CMakeTmp/CheckSymbolExists.c
Linking C executable cmTC_13a91
/opt/clion/bin/cmake/bin/cmake -E cmake_link_script CMakeFiles/cmTC_13a91.dir/link.txt --verbose=1
/usr/bin/cc      CMakeFiles/cmTC_13a91.dir/CheckSymbolExists.c.o  -o cmTC_13a91 
CMakeFiles/cmTC_13a91.dir/CheckSymbolExists.c.o: In function `main':
CheckSymbolExists.c:(.text+0x16): undefined reference to `pthread_create'
collect2: error: ld returned 1 exit status
gmake[1]: *** [CMakeFiles/cmTC_13a91.dir/build.make:98: cmTC_13a91] Error 1
gmake[1]: Leaving directory '/home/peixoto/Documentos/OpenGL3_Tutorial/cmake-build-debug/CMakeFiles/CMakeTmp'
gmake: *** [Makefile:126: cmTC_13a91/fast] Error 2

File /home/peixoto/Documentos/OpenGL3_Tutorial/cmake-build-debug/CMakeFiles/CMakeTmp/CheckSymbolExists.c:
/* */
#include <pthread.h>

int main(int argc, char** argv)
{
  (void)argv;
#ifndef pthread_create
  return ((int*)(&pthread_create))[argc];
#else
  (void)argc;
  return 0;
#endif
}

Determining if the function pthread_create exists in the pthreads failed with the following output:
Change Dir: /home/peixoto/Documentos/OpenGL3_Tutorial/cmake-build-debug/CMakeFiles/CMakeTmp

Run Build Command:"/usr/bin/gmake" "cmTC_03a56/fast"
/usr/bin/gmake -f CMakeFiles/cmTC_03a56.dir/build.make CMakeFiles/cmTC_03a56.dir/build
gmake[1]: Entering directory '/home/peixoto/Documentos/OpenGL3_Tutorial/cmake-build-debug/CMakeFiles/CMakeTmp'
Building C object CMakeFiles/cmTC_03a56.dir/CheckFunctionExists.c.o
/usr/bin/cc   -DCHECK_FUNCTION_EXISTS=pthread_create   -o CMakeFiles/cmTC_03a56.dir/CheckFunctionExists.c.o   -c /opt/clion/bin/cmake/share/cmake-3.10/Modules/CheckFunctionExists.c
Linking C executable cmTC_03a56
/opt/clion/bin/cmake/bin/cmake -E cmake_link_script CMakeFiles/cmTC_03a56.dir/link.txt --verbose=1
/usr/bin/cc  -DCHECK_FUNCTION_EXISTS=pthread_create    CMakeFiles/cmTC_03a56.dir/CheckFunctionExists.c.o  -o cmTC_03a56 -lpthreads 
/usr/bin/ld: cannot find -lpthreads
collect2: error: ld returned 1 exit status
gmake[1]: *** [CMakeFiles/cmTC_03a56.dir/build.make:98: cmTC_03a56] Error 1
gmake[1]: Leaving directory '/home/peixoto/Documentos/OpenGL3_Tutorial/cmake-build-debug/CMakeFiles/CMakeTmp'
gmake: *** [Makefile:126: cmTC_03a56/fast] Error 2


